2025-03-02 07:06:20,562 - PyNovelAssistant.Context - INFO - コンテキストを初期化しています...
2025-03-02 07:06:20,564 - core.models.model_manager - INFO - モデル設定を読み込みました
2025-03-02 07:06:20,564 - core.models.kobold_cpp - INFO - KoboldCppの設定を読み込みました
2025-03-02 07:06:20,564 - core.models.style_bert_vits2 - INFO - Style-Bert-VITS2の設定を読み込みました
2025-03-02 07:06:20,564 - PyNovelAssistant.Context - INFO - 構成ファイルを読み込みました
2025-03-02 07:06:20,564 - PyNovelAssistant.Context - INFO - コンテキストの初期化が完了しました
2025-03-02 07:06:21,642 - gui.main_window - INFO - メインウィンドウの初期化が完了しました
2025-03-02 07:08:20,677 - PyNovelAssistant.Context - INFO - アプリケーションを終了しています...
2025-03-02 07:08:21,691 - PyNovelAssistant.Context - INFO - 構成ファイルを保存しました
2025-03-02 07:08:21,693 - PyNovelAssistant.Context - INFO - 終了処理が完了しました
2025-03-03 02:47:48,906 - PyNovelAssistant.Context - INFO - コンテキストを初期化しています...
2025-03-03 02:47:48,914 - core.models.model_manager - INFO - モデル設定を読み込みました
2025-03-03 02:47:48,915 - core.models.kobold_cpp - INFO - KoboldCppディレクトリを確保しました: C:\Users\downl\Desktop\PyNovelAssistant\src\resources\models\koboldcpp
2025-03-03 02:47:48,916 - core.models.kobold_cpp - INFO - KoboldCpp設定を読み込みました
2025-03-03 02:47:48,916 - core.models.style_bert_vits2 - INFO - Style-Bert-VITS2の設定を読み込みました
2025-03-03 02:47:48,917 - PyNovelAssistant.Context - INFO - 構成ファイルを読み込みました
2025-03-03 02:47:48,917 - PyNovelAssistant.Context - INFO - コンテキストの初期化が完了しました
2025-03-03 02:47:48,918 - core.models.kobold_cpp - INFO - KoboldCppディレクトリを確保しました: C:\Users\downl\Desktop\PyNovelAssistant\src\resources\models\koboldcpp
2025-03-03 02:47:48,919 - core.models.kobold_cpp - INFO - KoboldCpp設定を読み込みました
2025-03-03 02:47:48,919 - core.models.kobold_cpp - INFO - KoboldCpp設定ファイルをリセットしました
2025-03-03 02:47:48,919 - core.models.kobold_cpp - INFO - KoboldCppの設定を保存しました
2025-03-03 02:47:48,919 - core.models.kobold_cpp - INFO - KoboldCppを高精度モードに設定しました
2025-03-03 02:47:48,919 - gui.main_window - INFO - KoboldCppの設定を高精度モードでリセットしました
2025-03-03 02:47:51,510 - gui.main_window - INFO - メインウィンドウの初期化が完了しました
2025-03-03 02:48:03,177 - core.models.kobold_cpp - INFO - 軽量サンプルモデルを使用します...
2025-03-03 02:48:03,177 - core.models.kobold_cpp - INFO - サンプルモデルは既に存在します: c:\Users\downl\Desktop\EasyNovelAssistant-main\EasyNovelAssistant-main\PyNovelAssistant\src\resources\models\koboldcpp\models\tinyllama-1.1b-chat-v1.0.Q2_K.gguf
2025-03-03 02:48:03,178 - core.models.kobold_cpp - INFO - KoboldCppの設定を保存しました
2025-03-03 02:48:03,179 - core.models.kobold_cpp - INFO - KoboldCppの設定を保存しました
2025-03-03 02:48:03,179 - core.models.kobold_cpp - INFO - KoboldCppを起動しています（高精度モード）: C:\Users\downl\Desktop\PyNovelAssistant\src\resources\models\koboldcpp\koboldcpp.exe --model c:\Users\downl\Desktop\EasyNovelAssistant-main\EasyNovelAssistant-main\PyNovelAssistant\src\resources\models\koboldcpp\models\tinyllama-1.1b-chat-v1.0.Q2_K.gguf --port 5001 --host localhost --gpulayers 20 --mlock --contextsize 2048 --threads 8 --blasbatchsize 512 --ropeconfig 64 --forcelocalhost --usecublas
2025-03-03 02:48:03,184 - core.models.kobold_cpp - INFO - KoboldCppの設定を保存しました
2025-03-03 02:48:03,186 - core.models.kobold_cpp - INFO - KoboldCppサーバーの起動を待機しています（最大180秒）...
2025-03-03 02:48:11,245 - core.models.kobold_cpp - ERROR - KoboldCppプロセスが予期せず終了しました。リターンコード: 2
2025-03-03 02:48:11,245 - core.models.kobold_cpp - ERROR - エラー出力: usage: koboldcpp.exe [-h] [--model [filenames] [[filenames] ...]]
                     [--port [portnumber]] [--host [ipaddr]] [--launch]
                     [--config [filename]] [--threads [threads]]
                     [--usecublas [[lowvram|normal] [main GPU ID] [mmq|nommq]
                     [rowsplit] [[lowvram|normal] [main GPU ID] [mmq|nommq]
                     [rowsplit] ...]]] [--usevulkan [[Device IDs]
                     [[Device IDs] ...]]]
                     [--useclblast {0,1,2,3,4,5,6,7,8} {0,1,2,3,4,5,6,7,8}]
                     [--usecpu]
                     [--contextsize [256,512,1024,2048,3072,4096,6144,8192,10240,12288,14336,16384,20480,24576,28672,32768,40960,49152,57344,65536,81920,98304,114688,131072]]
                     [--gpulayers [[GPU layers]]] [--tensor_split [Ratios]
                     [[Ratios] ...]] [--version] [--analyze [filename]]
                     [--ropeconfig [rope-freq-scale] [[rope-freq-base] ...]]
                     [--blasbatchsize {-1,32,64,128,256,512,1024,2048}]
                     [--blasthreads [threads]] [--lora [lora_filename]
                     [[lora_base] ...]] [--noshift] [--nofastforward]
                     [--usemmap] [--usemlock] [--noavx2] [--failsafe]
                     [--debugmode [DEBUGMODE]] [--onready [shell command]]
                     [--benchmark [[filename]]] [--prompt [prompt]]
                     [--promptlimit [token limit]] [--multiuser [limit]]
                     [--multiplayer] [--websearch] [--remotetunnel]
                     [--highpriority] [--foreground]
                     [--preloadstory [savefile]] [--savedatafile [savefile]]
                     [--quiet] [--ssl [cert_pem] [[key_pem] ...]]
                     [--nocertify] [--mmproj [filename]]
                     [--visionmaxres [max px]] [--draftmodel [filename]]
                     [--draftamount [tokens]] [--draftgpulayers [layers]]
                     [--draftgpusplit [Ratios] [[Ratios] ...]]
                     [--password [API key]] [--ignoremissing]
                     [--chatcompletionsadapter [filename]] [--flashattention]
                     [--quantkv [quantization level 0/1/2]]
                     [--forceversion [version]] [--smartcontext]
                     [--unpack destination] [--exportconfig [filename]]
                     [--nomodel] [--moeexperts [num of experts]]
                     [--showgui | --skiplauncher] [--hordemodelname [name]]
                     [--hordeworkername [name]] [--hordekey [apikey]]
                     [--hordemaxctx [amount]] [--hordegenlen [amount]]
                     [--sdmodel [filename]] [--sdthreads [threads]]
                     [--sdclamped [[maxres]]] [--sdt5xxl [filename]]
                     [--sdclipl [filename]] [--sdclipg [filename]]
                     [--sdvae [filename] | --sdvaeauto]
                     [--sdquant | --sdlora [filename]] [--sdloramult [amount]]
                     [--sdnotile] [--whispermodel [filename]]
                     [--ttsmodel [filename]] [--ttswavtokenizer [filename]]
                     [--ttsgpu] [--ttsmaxlen TTSMAXLEN]
                     [--ttsthreads [threads]] [--admin]
                     [--adminpassword [password]] [--admindir [directory]]
                     [model_param] [port_param]
koboldcpp.exe: error: unrecognized arguments: --mlock --forcelocalhost

2025-03-03 02:48:11,245 - core.models.kobold_cpp - INFO - 高精度モードでの起動に失敗しました。標準モードで再試行します...
2025-03-03 02:48:11,245 - core.models.kobold_cpp - INFO - KoboldCppを標準モードで起動しています: C:\Users\downl\Desktop\PyNovelAssistant\src\resources\models\koboldcpp\koboldcpp.exe --model c:\Users\downl\Desktop\EasyNovelAssistant-main\EasyNovelAssistant-main\PyNovelAssistant\src\resources\models\koboldcpp\models\tinyllama-1.1b-chat-v1.0.Q2_K.gguf --port 5001 --host localhost --nowebgpu --forcelocalhost --contextsize 2048 --threads 4 --gpulayers 10
2025-03-03 02:48:19,313 - core.models.kobold_cpp - ERROR - 標準モードでもプロセスが予期せず終了しました
2025-03-03 02:51:13,594 - PyNovelAssistant.Context - INFO - コンテキストを初期化しています...
2025-03-03 02:51:13,595 - core.models.model_manager - INFO - モデル設定を読み込みました
2025-03-03 02:51:13,596 - core.models.kobold_cpp - INFO - KoboldCppディレクトリを確保しました: C:\Users\downl\Desktop\PyNovelAssistant\src\resources\models\koboldcpp
2025-03-03 02:51:13,596 - core.models.kobold_cpp - INFO - KoboldCpp設定を読み込みました
2025-03-03 02:51:13,597 - core.models.style_bert_vits2 - INFO - Style-Bert-VITS2の設定を読み込みました
2025-03-03 02:51:13,597 - PyNovelAssistant.Context - INFO - 構成ファイルを読み込みました
2025-03-03 02:51:13,597 - PyNovelAssistant.Context - INFO - コンテキストの初期化が完了しました
2025-03-03 02:51:13,599 - core.models.kobold_cpp - INFO - KoboldCppディレクトリを確保しました: C:\Users\downl\Desktop\PyNovelAssistant\src\resources\models\koboldcpp
2025-03-03 02:51:13,599 - core.models.kobold_cpp - INFO - KoboldCpp設定を読み込みました
2025-03-03 02:51:13,600 - core.models.kobold_cpp - INFO - KoboldCpp設定ファイルをリセットしました
2025-03-03 02:51:13,601 - core.models.kobold_cpp - INFO - KoboldCppの設定を保存しました
2025-03-03 02:51:13,602 - core.models.kobold_cpp - INFO - KoboldCppを高精度モードに設定しました
2025-03-03 02:51:13,602 - gui.main_window - INFO - KoboldCppの設定を高精度モードでリセットしました
2025-03-03 02:51:16,187 - gui.main_window - INFO - メインウィンドウの初期化が完了しました
2025-03-03 02:52:36,848 - core.models.kobold_cpp - INFO - 軽量サンプルモデルを使用します...
2025-03-03 02:52:36,850 - core.models.kobold_cpp - INFO - サンプルモデルは既に存在します: c:\Users\downl\Desktop\EasyNovelAssistant-main\EasyNovelAssistant-main\PyNovelAssistant\src\resources\models\koboldcpp\models\tinyllama-1.1b-chat-v1.0.Q2_K.gguf
2025-03-03 02:52:36,852 - core.models.kobold_cpp - INFO - KoboldCppの設定を保存しました
2025-03-03 02:52:36,852 - core.models.kobold_cpp - INFO - KoboldCppの設定を保存しました
2025-03-03 02:52:36,852 - core.models.kobold_cpp - INFO - KoboldCppを起動しています（高精度モード）: C:\Users\downl\Desktop\PyNovelAssistant\src\resources\models\koboldcpp\koboldcpp.exe --model c:\Users\downl\Desktop\EasyNovelAssistant-main\EasyNovelAssistant-main\PyNovelAssistant\src\resources\models\koboldcpp\models\tinyllama-1.1b-chat-v1.0.Q2_K.gguf --port 5001 --host localhost --gpulayers 20 --contextsize 2048 --threads 8 --blasbatchsize 512 --ropeconfig 64 --usecublas
2025-03-03 02:52:36,857 - core.models.kobold_cpp - INFO - KoboldCppの設定を保存しました
2025-03-03 02:52:36,859 - core.models.kobold_cpp - INFO - KoboldCppサーバーの起動を待機しています（最大180秒）...
2025-03-03 02:53:07,141 - core.models.kobold_cpp - INFO - サーバー起動待機中... 10秒経過
2025-03-03 02:53:37,353 - core.models.kobold_cpp - INFO - サーバー起動待機中... 20秒経過
2025-03-03 02:54:07,577 - core.models.kobold_cpp - INFO - サーバー起動待機中... 30秒経過
2025-03-03 02:56:11,708 - PyNovelAssistant.Context - INFO - アプリケーションを終了しています...
2025-03-03 02:56:14,249 - PyNovelAssistant.Context - INFO - 構成ファイルを保存しました
2025-03-03 02:56:14,249 - PyNovelAssistant.Context - INFO - 終了処理が完了しました
2025-03-03 03:05:30,600 - PyNovelAssistant.Context - INFO - コンテキストを初期化しています...
2025-03-03 03:05:30,601 - core.models.model_manager - INFO - モデル設定を読み込みました
2025-03-03 03:05:30,601 - core.models.kobold_cpp - INFO - KoboldCppディレクトリを確保しました: C:\Users\downl\Desktop\PyNovelAssistant\src\resources\models\koboldcpp
2025-03-03 03:05:30,601 - core.models.kobold_cpp - INFO - KoboldCpp設定を読み込みました
2025-03-03 03:05:30,603 - core.models.style_bert_vits2 - INFO - Style-Bert-VITS2の設定を読み込みました
2025-03-03 03:05:30,603 - PyNovelAssistant.Context - INFO - 構成ファイルを読み込みました
2025-03-03 03:05:30,603 - PyNovelAssistant.Context - INFO - コンテキストの初期化が完了しました
2025-03-03 03:05:30,603 - core.models.kobold_cpp - INFO - KoboldCppディレクトリを確保しました: C:\Users\downl\Desktop\PyNovelAssistant\src\resources\models\koboldcpp
2025-03-03 03:05:30,605 - core.models.kobold_cpp - INFO - KoboldCpp設定を読み込みました
2025-03-03 03:05:30,605 - core.models.kobold_cpp - INFO - KoboldCpp設定ファイルをリセットしました
2025-03-03 03:05:30,605 - core.models.kobold_cpp - INFO - KoboldCppの設定を保存しました
2025-03-03 03:05:30,605 - core.models.kobold_cpp - INFO - KoboldCppを高精度モードに設定しました
2025-03-03 03:05:30,605 - gui.main_window - INFO - KoboldCppの設定を高精度モードでリセットしました
2025-03-03 03:05:33,229 - gui.main_window - INFO - メインウィンドウの初期化が完了しました
2025-03-03 03:05:56,885 - core.models.kobold_cpp - INFO - 軽量サンプルモデルを使用します...
2025-03-03 03:05:56,885 - core.models.kobold_cpp - INFO - サンプルモデルは既に存在します: c:\Users\downl\Desktop\EasyNovelAssistant-main\EasyNovelAssistant-main\PyNovelAssistant\src\resources\models\koboldcpp\models\tinyllama-1.1b-chat-v1.0.Q2_K.gguf
2025-03-03 03:05:56,885 - core.models.kobold_cpp - INFO - KoboldCppの設定を保存しました
2025-03-03 03:05:56,887 - core.models.kobold_cpp - INFO - KoboldCppの設定を保存しました
2025-03-03 03:05:56,887 - core.models.kobold_cpp - INFO - KoboldCppを起動しています（高精度モード）: C:\Users\downl\Desktop\PyNovelAssistant\src\resources\models\koboldcpp\koboldcpp.exe --model c:\Users\downl\Desktop\EasyNovelAssistant-main\EasyNovelAssistant-main\PyNovelAssistant\src\resources\models\koboldcpp\models\tinyllama-1.1b-chat-v1.0.Q2_K.gguf --port 5001 --host localhost --gpulayers 20 --contextsize 2048 --threads 8 --blasbatchsize 512 --ropeconfig 64 --usecublas
2025-03-03 03:05:56,893 - core.models.kobold_cpp - INFO - KoboldCppの設定を保存しました
2025-03-03 03:05:56,893 - core.models.kobold_cpp - INFO - KoboldCppサーバーの起動を待機しています（最大180秒）...
2025-03-03 03:06:27,145 - core.models.kobold_cpp - INFO - サーバー起動待機中... 10秒経過
2025-03-03 03:06:57,429 - core.models.kobold_cpp - INFO - サーバー起動待機中... 20秒経過
2025-03-03 03:07:27,736 - core.models.kobold_cpp - INFO - サーバー起動待機中... 30秒経過
2025-03-03 03:07:58,015 - core.models.kobold_cpp - INFO - サーバー起動待機中... 40秒経過
2025-03-03 03:08:28,283 - core.models.kobold_cpp - INFO - サーバー起動待機中... 50秒経過
2025-03-03 03:08:58,514 - core.models.kobold_cpp - INFO - サーバー起動待機中... 60秒経過
2025-03-03 03:09:28,768 - core.models.kobold_cpp - INFO - サーバー起動待機中... 70秒経過
2025-03-03 03:09:59,072 - core.models.kobold_cpp - INFO - サーバー起動待機中... 80秒経過
2025-03-03 03:10:29,342 - core.models.kobold_cpp - INFO - サーバー起動待機中... 90秒経過
2025-03-03 03:17:09,154 - PyNovelAssistant.Context - INFO - コンテキストを初期化しています...
2025-03-03 03:17:09,156 - core.models.model_manager - INFO - モデル設定を読み込みました
2025-03-03 03:17:09,156 - core.models.kobold_cpp - INFO - KoboldCppディレクトリを確保しました: C:\Users\downl\Desktop\PyNovelAssistant\src\resources\models\koboldcpp
2025-03-03 03:17:09,158 - core.models.kobold_cpp - INFO - KoboldCpp設定を読み込みました
2025-03-03 03:17:09,158 - core.models.style_bert_vits2 - INFO - Style-Bert-VITS2の設定を読み込みました
2025-03-03 03:17:09,158 - PyNovelAssistant.Context - INFO - 構成ファイルを読み込みました
2025-03-03 03:17:09,158 - PyNovelAssistant.Context - INFO - コンテキストの初期化が完了しました
2025-03-03 03:17:09,160 - core.models.kobold_cpp - INFO - KoboldCppディレクトリを確保しました: C:\Users\downl\Desktop\PyNovelAssistant\src\resources\models\koboldcpp
2025-03-03 03:17:09,160 - core.models.kobold_cpp - INFO - KoboldCpp設定を読み込みました
2025-03-03 03:17:09,160 - core.models.kobold_cpp - INFO - KoboldCpp設定ファイルをリセットしました
2025-03-03 03:17:09,162 - core.models.kobold_cpp - INFO - KoboldCppの設定を保存しました
2025-03-03 03:17:09,162 - core.models.kobold_cpp - INFO - KoboldCppを高精度モードに設定しました
2025-03-03 03:17:09,162 - gui.main_window - INFO - KoboldCppの設定を高精度モードでリセットしました
2025-03-03 03:17:11,754 - gui.main_window - INFO - メインウィンドウの初期化が完了しました
2025-03-03 03:19:59,866 - PyNovelAssistant.Context - INFO - アプリケーションを終了しています...
2025-03-03 03:20:02,399 - PyNovelAssistant.Context - INFO - 構成ファイルを保存しました
2025-03-03 03:20:02,399 - PyNovelAssistant.Context - INFO - 終了処理が完了しました
2025-03-03 03:21:59,057 - PyNovelAssistant.Context - INFO - コンテキストを初期化しています...
2025-03-03 03:21:59,060 - core.models.model_manager - INFO - モデル設定を読み込みました
2025-03-03 03:21:59,061 - core.models.kobold_cpp - INFO - KoboldCppディレクトリを確保しました: C:\Users\downl\Desktop\PyNovelAssistant\src\resources\models\koboldcpp
2025-03-03 03:21:59,061 - core.models.kobold_cpp - INFO - KoboldCpp設定を読み込みました
2025-03-03 03:21:59,062 - core.models.style_bert_vits2 - INFO - Style-Bert-VITS2の設定を読み込みました
2025-03-03 03:21:59,062 - PyNovelAssistant.Context - INFO - 構成ファイルを読み込みました
2025-03-03 03:21:59,062 - PyNovelAssistant.Context - INFO - コンテキストの初期化が完了しました
2025-03-03 03:21:59,064 - core.models.kobold_cpp - INFO - KoboldCppディレクトリを確保しました: C:\Users\downl\Desktop\PyNovelAssistant\src\resources\models\koboldcpp
2025-03-03 03:21:59,065 - core.models.kobold_cpp - INFO - KoboldCpp設定を読み込みました
2025-03-03 03:21:59,065 - core.models.kobold_cpp - INFO - KoboldCpp設定ファイルをリセットしました
2025-03-03 03:21:59,066 - core.models.kobold_cpp - INFO - KoboldCppの設定を保存しました
2025-03-03 03:21:59,066 - core.models.kobold_cpp - INFO - KoboldCppを高精度モードに設定しました
2025-03-03 03:21:59,066 - gui.main_window - INFO - KoboldCppの設定を高精度モードでリセットしました
2025-03-03 03:22:01,669 - gui.main_window - INFO - メインウィンドウの初期化が完了しました
